0 info it worked if it ends with ok
1 verbose cli [ '/usr/local/bin/node',
1 verbose cli   '/usr/local/bin/npm',
1 verbose cli   'install',
1 verbose cli   '-g',
1 verbose cli   'requirejs' ]
2 info using npm@3.10.10
3 info using node@v6.10.3
4 silly loadCurrentTree Starting
5 silly install loadCurrentTree
6 silly install readGlobalPackageData
7 silly fetchPackageMetaData requirejs
8 silly fetchNamedPackageData requirejs
9 silly mapToRegistry name requirejs
10 silly mapToRegistry using default registry
11 silly mapToRegistry registry https://registry.npmjs.org/
12 silly mapToRegistry data Result {
12 silly mapToRegistry   raw: 'requirejs',
12 silly mapToRegistry   scope: null,
12 silly mapToRegistry   escapedName: 'requirejs',
12 silly mapToRegistry   name: 'requirejs',
12 silly mapToRegistry   rawSpec: '',
12 silly mapToRegistry   spec: 'latest',
12 silly mapToRegistry   type: 'tag' }
13 silly mapToRegistry uri https://registry.npmjs.org/requirejs
14 verbose request uri https://registry.npmjs.org/requirejs
15 verbose request no auth needed
16 info attempt registry request try #1 at 21:52:35
17 verbose request id 8727214a8a09ddcd
18 http request GET https://registry.npmjs.org/requirejs
19 http 200 https://registry.npmjs.org/requirejs
20 verbose headers { server: 'nginx/1.10.3',
20 verbose headers   'content-type': 'application/json',
20 verbose headers   'last-modified': 'Tue, 06 Jun 2017 06:18:10 GMT',
20 verbose headers   etag: 'W/"59364922-c2f0"',
20 verbose headers   'content-encoding': 'gzip',
20 verbose headers   'cache-control': 'max-age=300',
20 verbose headers   'content-length': '4739',
20 verbose headers   'accept-ranges': 'bytes',
20 verbose headers   date: 'Sat, 17 Jun 2017 13:52:35 GMT',
20 verbose headers   via: '1.1 varnish',
20 verbose headers   age: '0',
20 verbose headers   connection: 'keep-alive',
20 verbose headers   'x-served-by': 'cache-nrt6127-NRT',
20 verbose headers   'x-cache': 'HIT',
20 verbose headers   'x-cache-hits': '1',
20 verbose headers   'x-timer': 'S1497707555.181182,VS0,VE108',
20 verbose headers   vary: 'Accept-Encoding' }
21 silly get cb [ 200,
21 silly get   { server: 'nginx/1.10.3',
21 silly get     'content-type': 'application/json',
21 silly get     'last-modified': 'Tue, 06 Jun 2017 06:18:10 GMT',
21 silly get     etag: 'W/"59364922-c2f0"',
21 silly get     'content-encoding': 'gzip',
21 silly get     'cache-control': 'max-age=300',
21 silly get     'content-length': '4739',
21 silly get     'accept-ranges': 'bytes',
21 silly get     date: 'Sat, 17 Jun 2017 13:52:35 GMT',
21 silly get     via: '1.1 varnish',
21 silly get     age: '0',
21 silly get     connection: 'keep-alive',
21 silly get     'x-served-by': 'cache-nrt6127-NRT',
21 silly get     'x-cache': 'HIT',
21 silly get     'x-cache-hits': '1',
21 silly get     'x-timer': 'S1497707555.181182,VS0,VE108',
21 silly get     vary: 'Accept-Encoding' } ]
22 verbose get saving requirejs to /Users/zhaipanyu/.npm/registry.npmjs.org/requirejs/.cache.json
23 verbose correctMkdir /Users/zhaipanyu/.npm correctMkdir not in flight; initializing
24 silly install normalizeTree
25 silly loadCurrentTree Finishing
26 silly loadIdealTree Starting
27 silly install loadIdealTree
28 silly cloneCurrentTree Starting
29 silly install cloneCurrentTreeToIdealTree
30 silly cloneCurrentTree Finishing
31 silly loadShrinkwrap Starting
32 silly install loadShrinkwrap
33 silly loadShrinkwrap Finishing
34 silly loadAllDepsIntoIdealTree Starting
35 silly install loadAllDepsIntoIdealTree
36 silly resolveWithNewModule requirejs@2.3.3 checking installable status
37 silly cache add args [ 'requirejs', null ]
38 verbose cache add spec requirejs
39 silly cache add parsed spec Result {
39 silly cache add   raw: 'requirejs',
39 silly cache add   scope: null,
39 silly cache add   escapedName: 'requirejs',
39 silly cache add   name: 'requirejs',
39 silly cache add   rawSpec: '',
39 silly cache add   spec: 'latest',
39 silly cache add   type: 'tag' }
40 silly addNamed requirejs@latest
41 verbose addNamed "latest" is being treated as a dist-tag for requirejs
42 info addNameTag [ 'requirejs', 'latest' ]
43 silly mapToRegistry name requirejs
44 silly mapToRegistry using default registry
45 silly mapToRegistry registry https://registry.npmjs.org/
46 silly mapToRegistry data Result {
46 silly mapToRegistry   raw: 'requirejs',
46 silly mapToRegistry   scope: null,
46 silly mapToRegistry   escapedName: 'requirejs',
46 silly mapToRegistry   name: 'requirejs',
46 silly mapToRegistry   rawSpec: '',
46 silly mapToRegistry   spec: 'latest',
46 silly mapToRegistry   type: 'tag' }
47 silly mapToRegistry uri https://registry.npmjs.org/requirejs
48 verbose addNameTag registry:https://registry.npmjs.org/requirejs not in flight; fetching
49 verbose get https://registry.npmjs.org/requirejs not expired, no request
50 silly addNameTag next cb for requirejs with tag latest
51 silly addNamed requirejs@2.3.3
52 verbose addNamed "2.3.3" is a plain semver version for requirejs
53 silly mapToRegistry name requirejs
54 silly mapToRegistry using default registry
55 silly mapToRegistry registry https://registry.npmjs.org/
56 silly mapToRegistry data Result {
56 silly mapToRegistry   raw: 'requirejs',
56 silly mapToRegistry   scope: null,
56 silly mapToRegistry   escapedName: 'requirejs',
56 silly mapToRegistry   name: 'requirejs',
56 silly mapToRegistry   rawSpec: '',
56 silly mapToRegistry   spec: 'latest',
56 silly mapToRegistry   type: 'tag' }
57 silly mapToRegistry uri https://registry.npmjs.org/requirejs
58 verbose addRemoteTarball https://registry.npmjs.org/requirejs/-/requirejs-2.3.3.tgz not in flight; adding
59 verbose addRemoteTarball [ 'https://registry.npmjs.org/requirejs/-/requirejs-2.3.3.tgz',
59 verbose addRemoteTarball   'aa59fd3a0287eaf407959a138228044b5dd6a6a3' ]
60 info retry fetch attempt 1 at 21:52:38
61 info attempt registry request try #1 at 21:52:38
62 http fetch GET https://registry.npmjs.org/requirejs/-/requirejs-2.3.3.tgz
63 http fetch 200 https://registry.npmjs.org/requirejs/-/requirejs-2.3.3.tgz
64 silly fetchAndShaCheck shasum aa59fd3a0287eaf407959a138228044b5dd6a6a3
65 verbose addTmpTarball /var/folders/vl/j2b1pydx12v46tdygpcxtc240000gn/T/npm-31715-4077a6e1/registry.npmjs.org/requirejs/-/requirejs-2.3.3.tgz not in flight; adding
66 verbose addTmpTarball already have metadata; skipping unpack for requirejs@2.3.3
67 verbose correctMkdir /Users/zhaipanyu/.npm correctMkdir not in flight; initializing
68 silly cache afterAdd requirejs@2.3.3
69 verbose afterAdd /Users/zhaipanyu/.npm/requirejs/2.3.3/package/package.json not in flight; writing
70 verbose correctMkdir /Users/zhaipanyu/.npm correctMkdir not in flight; initializing
71 verbose afterAdd /Users/zhaipanyu/.npm/requirejs/2.3.3/package/package.json written
72 silly loadAllDepsIntoIdealTree Finishing
73 silly loadIdealTree Finishing
74 silly currentTree lib
75 silly idealTree lib
75 silly idealTree └── requirejs@2.3.3
76 silly generateActionsToTake Starting
77 silly install generateActionsToTake
78 silly generateActionsToTake Finishing
79 silly diffTrees action count 1
80 silly diffTrees add requirejs@2.3.3
81 silly decomposeActions action count 8
82 silly decomposeActions fetch requirejs@2.3.3
83 silly decomposeActions extract requirejs@2.3.3
84 silly decomposeActions test requirejs@2.3.3
85 silly decomposeActions preinstall requirejs@2.3.3
86 silly decomposeActions build requirejs@2.3.3
87 silly decomposeActions install requirejs@2.3.3
88 silly decomposeActions postinstall requirejs@2.3.3
89 silly decomposeActions finalize requirejs@2.3.3
90 silly runTopLevelLifecycles Starting
91 silly executeActions Starting
92 silly install executeActions
93 silly doSerial global-install 0
94 silly doParallel fetch 1
95 verbose correctMkdir /Users/zhaipanyu/.npm/_locks correctMkdir not in flight; initializing
96 verbose lock using /Users/zhaipanyu/.npm/_locks/staging-3a08f0df5026584d.lock for /usr/local/lib/node_modules/.staging
97 silly doParallel extract 1
98 silly extract requirejs@2.3.3
99 verbose unbuild lib/node_modules/.staging/requirejs-42a3f8ea
100 silly gentlyRm /usr/local/lib/node_modules/.staging/requirejs-42a3f8ea is being purged from base /usr/local
101 verbose gentlyRm don't care about contents; nuking /usr/local/lib/node_modules/.staging/requirejs-42a3f8ea
102 verbose tar unpack /Users/zhaipanyu/.npm/requirejs/2.3.3/package.tgz
103 verbose tar unpacking to /usr/local/lib/node_modules/.staging/requirejs-42a3f8ea
104 silly gentlyRm /usr/local/lib/node_modules/.staging/requirejs-42a3f8ea is being purged
105 verbose gentlyRm don't care about contents; nuking /usr/local/lib/node_modules/.staging/requirejs-42a3f8ea
106 silly gunzTarPerm modes [ '755', '644' ]
107 silly gunzTarPerm extractEntry package.json
108 silly gunzTarPerm extractEntry README.md
109 silly gunzTarPerm extractEntry require.js
110 silly gunzTarPerm extractEntry bin/r.js
111 silly gentlyRm /usr/local/lib/node_modules/.staging/requirejs-42a3f8ea/node_modules is being purged
112 verbose gentlyRm don't care about contents; nuking /usr/local/lib/node_modules/.staging/requirejs-42a3f8ea/node_modules
113 silly doParallel preinstall 1
114 silly preinstall requirejs@2.3.3 /usr/local/lib/node_modules/.staging/requirejs-42a3f8ea
115 info lifecycle requirejs@2.3.3~preinstall: requirejs@2.3.3
116 silly lifecycle requirejs@2.3.3~preinstall: no script for preinstall, continuing
117 silly doReverseSerial remove 0
118 silly doSerial move 0
119 silly doSerial finalize 1
120 silly finalize /usr/local/lib/node_modules/requirejs
121 silly doSerial build 1
122 silly build requirejs@2.3.3
123 info linkStuff requirejs@2.3.3
124 silly linkStuff requirejs@2.3.3 has /usr/local/lib/node_modules as its parent node_modules
125 silly linkStuff requirejs@2.3.3 is part of a global install
126 silly linkStuff requirejs@2.3.3 is installed into a global node_modules
127 silly linkStuff requirejs@2.3.3 is installed into the top-level global node_modules
128 verbose linkBins requirejs@2.3.3
129 verbose link bins [ { 'r.js': './bin/r.js', r_js: './bin/r.js' },
129 verbose link bins   '/usr/local/bin',
129 verbose link bins   true ]
130 verbose linkMans requirejs@2.3.3
131 silly gentlyRm /usr/local/bin/r.js is being gently removed
132 silly gentlyRm /usr/local/bin/r_js is being gently removed
133 verbose unlock done using /Users/zhaipanyu/.npm/_locks/staging-3a08f0df5026584d.lock for /usr/local/lib/node_modules/.staging
134 silly rollbackFailedOptional Starting
135 silly rollbackFailedOptional Finishing
136 silly runTopLevelLifecycles Finishing
137 silly install printInstalled
138 verbose stack Error: EACCES: permission denied, symlink '../lib/node_modules/requirejs/bin/r.js' -> '/usr/local/bin/r.js'
138 verbose stack     at Error (native)
139 verbose cwd /Users/zhaipanyu/Desktop/企业建站/src
140 error Darwin 14.5.0
141 error argv "/usr/local/bin/node" "/usr/local/bin/npm" "install" "-g" "requirejs"
142 error node v6.10.3
143 error npm  v3.10.10
144 error path ../lib/node_modules/requirejs/bin/r.js
145 error code EACCES
146 error errno -13
147 error syscall symlink
148 error Error: EACCES: permission denied, symlink '../lib/node_modules/requirejs/bin/r.js' -> '/usr/local/bin/r.js'
148 error     at Error (native)
148 error  { Error: EACCES: permission denied, symlink '../lib/node_modules/requirejs/bin/r.js' -> '/usr/local/bin/r.js'
148 error     at Error (native)
148 error   errno: -13,
148 error   code: 'EACCES',
148 error   syscall: 'symlink',
148 error   path: '../lib/node_modules/requirejs/bin/r.js',
148 error   dest: '/usr/local/bin/r.js' }
149 error Please try running this command again as root/Administrator.
150 verbose exit [ -13, true ]
